running egg_info
creating ../../build/my_robot_main/my_robot_main.egg-info
writing ../../build/my_robot_main/my_robot_main.egg-info/PKG-INFO
writing dependency_links to ../../build/my_robot_main/my_robot_main.egg-info/dependency_links.txt
writing requirements to ../../build/my_robot_main/my_robot_main.egg-info/requires.txt
writing top-level names to ../../build/my_robot_main/my_robot_main.egg-info/top_level.txt
writing manifest file '../../build/my_robot_main/my_robot_main.egg-info/SOURCES.txt'
reading manifest file '../../build/my_robot_main/my_robot_main.egg-info/SOURCES.txt'
writing manifest file '../../build/my_robot_main/my_robot_main.egg-info/SOURCES.txt'
running build
running build_py
creating /home/shahil/Documents/Project_Eon/build/my_robot_main/build
creating /home/shahil/Documents/Project_Eon/build/my_robot_main/build/lib
creating /home/shahil/Documents/Project_Eon/build/my_robot_main/build/lib/my_robot_main
copying my_robot_main/__init__.py -> /home/shahil/Documents/Project_Eon/build/my_robot_main/build/lib/my_robot_main
copying my_robot_main/py.typed -> /home/shahil/Documents/Project_Eon/build/my_robot_main/build/lib/my_robot_main
running install
running install_lib
creating /home/shahil/Documents/Project_Eon/install/my_robot_main/lib/python3.12/site-packages/my_robot_main
copying /home/shahil/Documents/Project_Eon/build/my_robot_main/build/lib/my_robot_main/__init__.py -> /home/shahil/Documents/Project_Eon/install/my_robot_main/lib/python3.12/site-packages/my_robot_main
copying /home/shahil/Documents/Project_Eon/build/my_robot_main/build/lib/my_robot_main/py.typed -> /home/shahil/Documents/Project_Eon/install/my_robot_main/lib/python3.12/site-packages/my_robot_main
byte-compiling /home/shahil/Documents/Project_Eon/install/my_robot_main/lib/python3.12/site-packages/my_robot_main/__init__.py to __init__.cpython-312.pyc
running install_data
creating /home/shahil/Documents/Project_Eon/install/my_robot_main/share/ament_index
creating /home/shahil/Documents/Project_Eon/install/my_robot_main/share/ament_index/resource_index
creating /home/shahil/Documents/Project_Eon/install/my_robot_main/share/ament_index/resource_index/packages
copying resource/my_robot_main -> /home/shahil/Documents/Project_Eon/install/my_robot_main/share/ament_index/resource_index/packages
copying package.xml -> /home/shahil/Documents/Project_Eon/install/my_robot_main/share/my_robot_main
running install_egg_info
Copying ../../build/my_robot_main/my_robot_main.egg-info to /home/shahil/Documents/Project_Eon/install/my_robot_main/lib/python3.12/site-packages/my_robot_main-0.0.0-py3.12.egg-info
running install_scripts
writing list of installed files to '/home/shahil/Documents/Project_Eon/build/my_robot_main/install.log'
